INFO  - 2014-11-30 02:38:16.424; org.eclipse.jetty.server.Server; jetty-8.1.10.v20130312
INFO  - 2014-11-30 02:38:16.443; org.eclipse.jetty.deploy.providers.ScanningAppProvider; Deployment monitor /home/homeski/Documents/michiko-web-search/solr-4.10.2/example/contexts at interval 0
INFO  - 2014-11-30 02:38:16.452; org.eclipse.jetty.deploy.DeploymentManager; Deployable added: /home/homeski/Documents/michiko-web-search/solr-4.10.2/example/contexts/solr-jetty-context.xml
INFO  - 2014-11-30 02:38:16.495; org.eclipse.jetty.webapp.WebInfConfiguration; Extract jar:file:/home/homeski/Documents/michiko-web-search/solr-4.10.2/example/webapps/solr.war!/ to /home/homeski/Documents/michiko-web-search/solr-4.10.2/example/solr-webapp/webapp
INFO  - 2014-11-30 02:38:17.729; org.eclipse.jetty.webapp.StandardDescriptorProcessor; NO JSP Support for /solr, did not find org.apache.jasper.servlet.JspServlet
INFO  - 2014-11-30 02:38:17.777; org.apache.solr.servlet.SolrDispatchFilter; SolrDispatchFilter.init()
INFO  - 2014-11-30 02:38:17.799; org.apache.solr.core.SolrResourceLoader; JNDI not configured for solr (NoInitialContextEx)
INFO  - 2014-11-30 02:38:17.799; org.apache.solr.core.SolrResourceLoader; solr home defaulted to 'solr/' (could not find system property or JNDI)
INFO  - 2014-11-30 02:38:17.800; org.apache.solr.core.SolrResourceLoader; new SolrResourceLoader for directory: 'solr/'
INFO  - 2014-11-30 02:38:17.898; org.apache.solr.core.ConfigSolr; Loading container configuration from /home/homeski/Documents/michiko-web-search/solr-4.10.2/example/solr/solr.xml
INFO  - 2014-11-30 02:38:17.988; org.apache.solr.core.CorePropertiesLocator; Config-defined core root directory: /home/homeski/Documents/michiko-web-search/solr-4.10.2/example/solr
INFO  - 2014-11-30 02:38:17.994; org.apache.solr.core.CoreContainer; New CoreContainer 744734406
INFO  - 2014-11-30 02:38:17.994; org.apache.solr.core.CoreContainer; Loading cores into CoreContainer [instanceDir=solr/]
INFO  - 2014-11-30 02:38:18.004; org.apache.solr.handler.component.HttpShardHandlerFactory; Setting socketTimeout to: 0
INFO  - 2014-11-30 02:38:18.004; org.apache.solr.handler.component.HttpShardHandlerFactory; Setting urlScheme to: null
INFO  - 2014-11-30 02:38:18.007; org.apache.solr.handler.component.HttpShardHandlerFactory; Setting connTimeout to: 0
INFO  - 2014-11-30 02:38:18.009; org.apache.solr.handler.component.HttpShardHandlerFactory; Setting maxConnectionsPerHost to: 20
INFO  - 2014-11-30 02:38:18.009; org.apache.solr.handler.component.HttpShardHandlerFactory; Setting corePoolSize to: 0
INFO  - 2014-11-30 02:38:18.009; org.apache.solr.handler.component.HttpShardHandlerFactory; Setting maximumPoolSize to: 2147483647
INFO  - 2014-11-30 02:38:18.009; org.apache.solr.handler.component.HttpShardHandlerFactory; Setting maxThreadIdleTime to: 5
INFO  - 2014-11-30 02:38:18.010; org.apache.solr.handler.component.HttpShardHandlerFactory; Setting sizeOfQueue to: -1
INFO  - 2014-11-30 02:38:18.010; org.apache.solr.handler.component.HttpShardHandlerFactory; Setting fairnessPolicy to: false
INFO  - 2014-11-30 02:38:18.204; org.apache.solr.update.UpdateShardHandler; Creating UpdateShardHandler HTTP client with params: socketTimeout=0&connTimeout=0&retry=false
INFO  - 2014-11-30 02:38:18.205; org.apache.solr.logging.LogWatcher; SLF4J impl is org.slf4j.impl.Log4jLoggerFactory
INFO  - 2014-11-30 02:38:18.206; org.apache.solr.logging.LogWatcher; Registering Log Listener [Log4j (org.slf4j.impl.Log4jLoggerFactory)]
INFO  - 2014-11-30 02:38:18.207; org.apache.solr.core.CoreContainer; Host Name: 
INFO  - 2014-11-30 02:38:18.234; org.apache.solr.core.CorePropertiesLocator; Looking for core definitions underneath /home/homeski/Documents/michiko-web-search/solr-4.10.2/example/solr
INFO  - 2014-11-30 02:38:18.242; org.apache.solr.core.CorePropertiesLocator; Found core collection1 in /home/homeski/Documents/michiko-web-search/solr-4.10.2/example/solr/collection1/
INFO  - 2014-11-30 02:38:18.242; org.apache.solr.core.CorePropertiesLocator; Found 1 core definitions
INFO  - 2014-11-30 02:38:18.243; org.apache.solr.core.SolrResourceLoader; new SolrResourceLoader for directory: '/home/homeski/Documents/michiko-web-search/solr-4.10.2/example/solr/collection1/'
INFO  - 2014-11-30 02:38:18.321; org.apache.solr.core.SolrConfig; Adding specified lib dirs to ClassLoader
INFO  - 2014-11-30 02:38:18.323; org.apache.solr.core.SolrResourceLoader; Adding 'file:/home/homeski/Documents/michiko-web-search/solr-4.10.2/contrib/extraction/lib/metadata-extractor-2.6.2.jar' to classloader
INFO  - 2014-11-30 02:38:18.323; org.apache.solr.core.SolrResourceLoader; Adding 'file:/home/homeski/Documents/michiko-web-search/solr-4.10.2/contrib/extraction/lib/rome-0.9.jar' to classloader
INFO  - 2014-11-30 02:38:18.324; org.apache.solr.core.SolrResourceLoader; Adding 'file:/home/homeski/Documents/michiko-web-search/solr-4.10.2/contrib/extraction/lib/jhighlight-1.0.jar' to classloader
INFO  - 2014-11-30 02:38:18.324; org.apache.solr.core.SolrResourceLoader; Adding 'file:/home/homeski/Documents/michiko-web-search/solr-4.10.2/contrib/extraction/lib/xmpcore-5.1.2.jar' to classloader
INFO  - 2014-11-30 02:38:18.324; org.apache.solr.core.SolrResourceLoader; Adding 'file:/home/homeski/Documents/michiko-web-search/solr-4.10.2/contrib/extraction/lib/jdom-1.0.jar' to classloader
INFO  - 2014-11-30 02:38:18.324; org.apache.solr.core.SolrResourceLoader; Adding 'file:/home/homeski/Documents/michiko-web-search/solr-4.10.2/contrib/extraction/lib/poi-ooxml-3.10.1.jar' to classloader
INFO  - 2014-11-30 02:38:18.324; org.apache.solr.core.SolrResourceLoader; Adding 'file:/home/homeski/Documents/michiko-web-search/solr-4.10.2/contrib/extraction/lib/pdfbox-1.8.4.jar' to classloader
INFO  - 2014-11-30 02:38:18.325; org.apache.solr.core.SolrResourceLoader; Adding 'file:/home/homeski/Documents/michiko-web-search/solr-4.10.2/contrib/extraction/lib/bcmail-jdk15-1.45.jar' to classloader
INFO  - 2014-11-30 02:38:18.325; org.apache.solr.core.SolrResourceLoader; Adding 'file:/home/homeski/Documents/michiko-web-search/solr-4.10.2/contrib/extraction/lib/tika-core-1.5.jar' to classloader
INFO  - 2014-11-30 02:38:18.325; org.apache.solr.core.SolrResourceLoader; Adding 'file:/home/homeski/Documents/michiko-web-search/solr-4.10.2/contrib/extraction/lib/commons-compress-1.7.jar' to classloader
INFO  - 2014-11-30 02:38:18.325; org.apache.solr.core.SolrResourceLoader; Adding 'file:/home/homeski/Documents/michiko-web-search/solr-4.10.2/contrib/extraction/lib/fontbox-1.8.4.jar' to classloader
INFO  - 2014-11-30 02:38:18.325; org.apache.solr.core.SolrResourceLoader; Adding 'file:/home/homeski/Documents/michiko-web-search/solr-4.10.2/contrib/extraction/lib/apache-mime4j-core-0.7.2.jar' to classloader
INFO  - 2014-11-30 02:38:18.326; org.apache.solr.core.SolrResourceLoader; Adding 'file:/home/homeski/Documents/michiko-web-search/solr-4.10.2/contrib/extraction/lib/vorbis-java-tika-0.1.jar' to classloader
INFO  - 2014-11-30 02:38:18.326; org.apache.solr.core.SolrResourceLoader; Adding 'file:/home/homeski/Documents/michiko-web-search/solr-4.10.2/contrib/extraction/lib/juniversalchardet-1.0.3.jar' to classloader
INFO  - 2014-11-30 02:38:18.326; org.apache.solr.core.SolrResourceLoader; Adding 'file:/home/homeski/Documents/michiko-web-search/solr-4.10.2/contrib/extraction/lib/dom4j-1.6.1.jar' to classloader
INFO  - 2014-11-30 02:38:18.326; org.apache.solr.core.SolrResourceLoader; Adding 'file:/home/homeski/Documents/michiko-web-search/solr-4.10.2/contrib/extraction/lib/xmlbeans-2.6.0.jar' to classloader
INFO  - 2014-11-30 02:38:18.326; org.apache.solr.core.SolrResourceLoader; Adding 'file:/home/homeski/Documents/michiko-web-search/solr-4.10.2/contrib/extraction/lib/isoparser-1.0-RC-1.jar' to classloader
INFO  - 2014-11-30 02:38:18.326; org.apache.solr.core.SolrResourceLoader; Adding 'file:/home/homeski/Documents/michiko-web-search/solr-4.10.2/contrib/extraction/lib/bcprov-jdk15-1.45.jar' to classloader
INFO  - 2014-11-30 02:38:18.327; org.apache.solr.core.SolrResourceLoader; Adding 'file:/home/homeski/Documents/michiko-web-search/solr-4.10.2/contrib/extraction/lib/tagsoup-1.2.1.jar' to classloader
INFO  - 2014-11-30 02:38:18.327; org.apache.solr.core.SolrResourceLoader; Adding 'file:/home/homeski/Documents/michiko-web-search/solr-4.10.2/contrib/extraction/lib/apache-mime4j-dom-0.7.2.jar' to classloader
INFO  - 2014-11-30 02:38:18.327; org.apache.solr.core.SolrResourceLoader; Adding 'file:/home/homeski/Documents/michiko-web-search/solr-4.10.2/contrib/extraction/lib/vorbis-java-core-0.1.jar' to classloader
INFO  - 2014-11-30 02:38:18.327; org.apache.solr.core.SolrResourceLoader; Adding 'file:/home/homeski/Documents/michiko-web-search/solr-4.10.2/contrib/extraction/lib/poi-ooxml-schemas-3.10.1.jar' to classloader
INFO  - 2014-11-30 02:38:18.327; org.apache.solr.core.SolrResourceLoader; Adding 'file:/home/homeski/Documents/michiko-web-search/solr-4.10.2/contrib/extraction/lib/boilerpipe-1.1.0.jar' to classloader
INFO  - 2014-11-30 02:38:18.328; org.apache.solr.core.SolrResourceLoader; Adding 'file:/home/homeski/Documents/michiko-web-search/solr-4.10.2/contrib/extraction/lib/poi-3.10.1.jar' to classloader
INFO  - 2014-11-30 02:38:18.328; org.apache.solr.core.SolrResourceLoader; Adding 'file:/home/homeski/Documents/michiko-web-search/solr-4.10.2/contrib/extraction/lib/aspectjrt-1.6.11.jar' to classloader
INFO  - 2014-11-30 02:38:18.328; org.apache.solr.core.SolrResourceLoader; Adding 'file:/home/homeski/Documents/michiko-web-search/solr-4.10.2/contrib/extraction/lib/xz-1.4.jar' to classloader
INFO  - 2014-11-30 02:38:18.328; org.apache.solr.core.SolrResourceLoader; Adding 'file:/home/homeski/Documents/michiko-web-search/solr-4.10.2/contrib/extraction/lib/tika-xmp-1.5.jar' to classloader
INFO  - 2014-11-30 02:38:18.328; org.apache.solr.core.SolrResourceLoader; Adding 'file:/home/homeski/Documents/michiko-web-search/solr-4.10.2/contrib/extraction/lib/icu4j-53.1.jar' to classloader
INFO  - 2014-11-30 02:38:18.328; org.apache.solr.core.SolrResourceLoader; Adding 'file:/home/homeski/Documents/michiko-web-search/solr-4.10.2/contrib/extraction/lib/poi-scratchpad-3.10.1.jar' to classloader
INFO  - 2014-11-30 02:38:18.329; org.apache.solr.core.SolrResourceLoader; Adding 'file:/home/homeski/Documents/michiko-web-search/solr-4.10.2/contrib/extraction/lib/tika-parsers-1.5.jar' to classloader
INFO  - 2014-11-30 02:38:18.329; org.apache.solr.core.SolrResourceLoader; Adding 'file:/home/homeski/Documents/michiko-web-search/solr-4.10.2/contrib/extraction/lib/xercesImpl-2.9.1.jar' to classloader
INFO  - 2014-11-30 02:38:18.329; org.apache.solr.core.SolrResourceLoader; Adding 'file:/home/homeski/Documents/michiko-web-search/solr-4.10.2/contrib/extraction/lib/jempbox-1.8.4.jar' to classloader
INFO  - 2014-11-30 02:38:18.330; org.apache.solr.core.SolrResourceLoader; Adding 'file:/home/homeski/Documents/michiko-web-search/solr-4.10.2/dist/solr-cell-4.10.2.jar' to classloader
INFO  - 2014-11-30 02:38:18.331; org.apache.solr.core.SolrResourceLoader; Adding 'file:/home/homeski/Documents/michiko-web-search/solr-4.10.2/contrib/clustering/lib/carrot2-mini-3.9.0.jar' to classloader
INFO  - 2014-11-30 02:38:18.331; org.apache.solr.core.SolrResourceLoader; Adding 'file:/home/homeski/Documents/michiko-web-search/solr-4.10.2/contrib/clustering/lib/jackson-core-asl-1.9.13.jar' to classloader
INFO  - 2014-11-30 02:38:18.331; org.apache.solr.core.SolrResourceLoader; Adding 'file:/home/homeski/Documents/michiko-web-search/solr-4.10.2/contrib/clustering/lib/simple-xml-2.7.jar' to classloader
INFO  - 2014-11-30 02:38:18.331; org.apache.solr.core.SolrResourceLoader; Adding 'file:/home/homeski/Documents/michiko-web-search/solr-4.10.2/contrib/clustering/lib/jackson-mapper-asl-1.9.13.jar' to classloader
INFO  - 2014-11-30 02:38:18.332; org.apache.solr.core.SolrResourceLoader; Adding 'file:/home/homeski/Documents/michiko-web-search/solr-4.10.2/contrib/clustering/lib/hppc-0.5.2.jar' to classloader
INFO  - 2014-11-30 02:38:18.332; org.apache.solr.core.SolrResourceLoader; Adding 'file:/home/homeski/Documents/michiko-web-search/solr-4.10.2/contrib/clustering/lib/mahout-math-0.6.jar' to classloader
INFO  - 2014-11-30 02:38:18.332; org.apache.solr.core.SolrResourceLoader; Adding 'file:/home/homeski/Documents/michiko-web-search/solr-4.10.2/contrib/clustering/lib/attributes-binder-1.2.1.jar' to classloader
INFO  - 2014-11-30 02:38:18.332; org.apache.solr.core.SolrResourceLoader; Adding 'file:/home/homeski/Documents/michiko-web-search/solr-4.10.2/contrib/clustering/lib/mahout-collections-1.0.jar' to classloader
INFO  - 2014-11-30 02:38:18.333; org.apache.solr.core.SolrResourceLoader; Adding 'file:/home/homeski/Documents/michiko-web-search/solr-4.10.2/dist/solr-clustering-4.10.2.jar' to classloader
INFO  - 2014-11-30 02:38:18.334; org.apache.solr.core.SolrResourceLoader; Adding 'file:/home/homeski/Documents/michiko-web-search/solr-4.10.2/contrib/langid/lib/jsonic-1.2.7.jar' to classloader
INFO  - 2014-11-30 02:38:18.334; org.apache.solr.core.SolrResourceLoader; Adding 'file:/home/homeski/Documents/michiko-web-search/solr-4.10.2/contrib/langid/lib/langdetect-1.1-20120112.jar' to classloader
INFO  - 2014-11-30 02:38:18.335; org.apache.solr.core.SolrResourceLoader; Adding 'file:/home/homeski/Documents/michiko-web-search/solr-4.10.2/dist/solr-langid-4.10.2.jar' to classloader
INFO  - 2014-11-30 02:38:18.335; org.apache.solr.core.SolrResourceLoader; Adding 'file:/home/homeski/Documents/michiko-web-search/solr-4.10.2/contrib/velocity/lib/velocity-1.7.jar' to classloader
INFO  - 2014-11-30 02:38:18.336; org.apache.solr.core.SolrResourceLoader; Adding 'file:/home/homeski/Documents/michiko-web-search/solr-4.10.2/contrib/velocity/lib/velocity-tools-2.0.jar' to classloader
INFO  - 2014-11-30 02:38:18.336; org.apache.solr.core.SolrResourceLoader; Adding 'file:/home/homeski/Documents/michiko-web-search/solr-4.10.2/contrib/velocity/lib/commons-collections-3.2.1.jar' to classloader
INFO  - 2014-11-30 02:38:18.336; org.apache.solr.core.SolrResourceLoader; Adding 'file:/home/homeski/Documents/michiko-web-search/solr-4.10.2/contrib/velocity/lib/commons-beanutils-1.8.3.jar' to classloader
INFO  - 2014-11-30 02:38:18.337; org.apache.solr.core.SolrResourceLoader; Adding 'file:/home/homeski/Documents/michiko-web-search/solr-4.10.2/dist/solr-velocity-4.10.2.jar' to classloader
INFO  - 2014-11-30 02:38:18.465; org.apache.solr.update.SolrIndexConfig; IndexWriter infoStream solr logging is enabled
INFO  - 2014-11-30 02:38:18.481; org.apache.solr.core.SolrConfig; Using Lucene MatchVersion: 4.10.2
INFO  - 2014-11-30 02:38:18.609; org.apache.solr.core.SolrConfig; Loaded SolrConfig: solrconfig.xml
INFO  - 2014-11-30 02:38:18.615; org.apache.solr.schema.IndexSchema; Reading Solr Schema from /home/homeski/Documents/michiko-web-search/solr-4.10.2/example/solr/collection1/conf/schema.xml
INFO  - 2014-11-30 02:38:18.695; org.apache.solr.schema.IndexSchema; [collection1] Schema name=example
INFO  - 2014-11-30 02:38:19.240; org.apache.solr.schema.IndexSchema; unique key field: id
INFO  - 2014-11-30 02:38:19.250; org.apache.solr.rest.RestManager$Registry; Registered ManagedResource impl org.apache.solr.rest.schema.analysis.ManagedWordSetResource for path /schema/analysis/stopwords/english
INFO  - 2014-11-30 02:38:19.251; org.apache.solr.rest.RestManager$Registry; Registered ManagedResource impl org.apache.solr.rest.schema.analysis.ManagedSynonymFilterFactory$SynonymManager for path /schema/analysis/synonyms/english
INFO  - 2014-11-30 02:38:19.307; org.apache.solr.schema.FileExchangeRateProvider; Reloading exchange rates from file currency.xml
INFO  - 2014-11-30 02:38:19.314; org.apache.solr.schema.FileExchangeRateProvider; Reloading exchange rates from file currency.xml
INFO  - 2014-11-30 02:38:19.397; org.apache.solr.core.CoreContainer; Creating SolrCore 'collection1' using configuration from instancedir /home/homeski/Documents/michiko-web-search/solr-4.10.2/example/solr/collection1/
INFO  - 2014-11-30 02:38:19.419; org.apache.solr.core.SolrCore; solr.NRTCachingDirectoryFactory
INFO  - 2014-11-30 02:38:19.424; org.apache.solr.core.SolrCore; [collection1] Opening new SolrCore at /home/homeski/Documents/michiko-web-search/solr-4.10.2/example/solr/collection1/, dataDir=/home/homeski/Documents/michiko-web-search/solr-4.10.2/example/solr/collection1/data/
INFO  - 2014-11-30 02:38:19.426; org.apache.solr.core.JmxMonitoredMap; No JMX servers found, not exposing Solr information with JMX.
INFO  - 2014-11-30 02:38:19.429; org.apache.solr.core.SolrCore; [collection1] Added SolrEventListener for newSearcher: org.apache.solr.core.QuerySenderListener{queries=[]}
INFO  - 2014-11-30 02:38:19.430; org.apache.solr.core.SolrCore; [collection1] Added SolrEventListener for firstSearcher: org.apache.solr.core.QuerySenderListener{queries=[{q=static firstSearcher warming in solrconfig.xml}]}
INFO  - 2014-11-30 02:38:19.440; org.apache.solr.core.CachingDirectoryFactory; return new directory for /home/homeski/Documents/michiko-web-search/solr-4.10.2/example/solr/collection1/data
INFO  - 2014-11-30 02:38:19.441; org.apache.solr.core.SolrCore; New index directory detected: old=null new=/home/homeski/Documents/michiko-web-search/solr-4.10.2/example/solr/collection1/data/index/
WARN  - 2014-11-30 02:38:19.441; org.apache.solr.core.SolrCore; [collection1] Solr index directory '/home/homeski/Documents/michiko-web-search/solr-4.10.2/example/solr/collection1/data/index' doesn't exist. Creating new index...
INFO  - 2014-11-30 02:38:19.447; org.apache.solr.core.CachingDirectoryFactory; return new directory for /home/homeski/Documents/michiko-web-search/solr-4.10.2/example/solr/collection1/data/index
INFO  - 2014-11-30 02:38:19.487; org.apache.solr.core.SolrDeletionPolicy; SolrDeletionPolicy.onCommit: commits: num=1
	commit{dir=NRTCachingDirectory(MMapDirectory@/home/homeski/Documents/michiko-web-search/solr-4.10.2/example/solr/collection1/data/index lockFactory=NativeFSLockFactory@/home/homeski/Documents/michiko-web-search/solr-4.10.2/example/solr/collection1/data/index; maxCacheMB=48.0 maxMergeSizeMB=4.0),segFN=segments_1,generation=1}
INFO  - 2014-11-30 02:38:19.488; org.apache.solr.core.SolrDeletionPolicy; newest commit generation = 1
INFO  - 2014-11-30 02:38:19.490; org.apache.solr.core.SolrCore; created json: solr.JSONResponseWriter
INFO  - 2014-11-30 02:38:19.491; org.apache.solr.core.SolrCore; adding lazy queryResponseWriter: solr.VelocityResponseWriter
INFO  - 2014-11-30 02:38:19.491; org.apache.solr.core.SolrCore; created velocity: solr.VelocityResponseWriter
INFO  - 2014-11-30 02:38:19.493; org.apache.solr.core.SolrCore; created xslt: solr.XSLTResponseWriter
INFO  - 2014-11-30 02:38:19.493; org.apache.solr.response.XSLTResponseWriter; xsltCacheLifetimeSeconds=5
INFO  - 2014-11-30 02:38:19.559; org.apache.solr.core.SolrCore; no updateRequestProcessorChain defined as default, creating implicit default
INFO  - 2014-11-30 02:38:19.564; org.apache.solr.core.RequestHandlers; created /update: org.apache.solr.handler.UpdateRequestHandler
INFO  - 2014-11-30 02:38:19.564; org.apache.solr.core.RequestHandlers; created /update/json: org.apache.solr.handler.UpdateRequestHandler
INFO  - 2014-11-30 02:38:19.564; org.apache.solr.core.RequestHandlers; created /update/csv: org.apache.solr.handler.UpdateRequestHandler
INFO  - 2014-11-30 02:38:19.564; org.apache.solr.core.RequestHandlers; created /update/json/docs: org.apache.solr.handler.UpdateRequestHandler
INFO  - 2014-11-30 02:38:19.568; org.apache.solr.core.RequestHandlers; created /select: solr.SearchHandler
INFO  - 2014-11-30 02:38:19.568; org.apache.solr.core.RequestHandlers; created /query: solr.SearchHandler
INFO  - 2014-11-30 02:38:19.569; org.apache.solr.core.RequestHandlers; created /get: solr.RealTimeGetHandler
INFO  - 2014-11-30 02:38:19.570; org.apache.solr.core.RequestHandlers; created /export: solr.SearchHandler
INFO  - 2014-11-30 02:38:19.570; org.apache.solr.core.RequestHandlers; created /browse: solr.SearchHandler
WARN  - 2014-11-30 02:38:19.571; org.apache.solr.core.RequestHandlers; Multiple requestHandler registered to the same name: /update ignoring: org.apache.solr.handler.UpdateRequestHandler
INFO  - 2014-11-30 02:38:19.571; org.apache.solr.core.RequestHandlers; created /update: solr.UpdateRequestHandler
INFO  - 2014-11-30 02:38:19.571; org.apache.solr.core.RequestHandlers; adding lazy requestHandler: solr.extraction.ExtractingRequestHandler
INFO  - 2014-11-30 02:38:19.571; org.apache.solr.core.RequestHandlers; created /update/extract: solr.extraction.ExtractingRequestHandler
INFO  - 2014-11-30 02:38:19.572; org.apache.solr.core.RequestHandlers; adding lazy requestHandler: solr.FieldAnalysisRequestHandler
INFO  - 2014-11-30 02:38:19.572; org.apache.solr.core.RequestHandlers; created /analysis/field: solr.FieldAnalysisRequestHandler
INFO  - 2014-11-30 02:38:19.572; org.apache.solr.core.RequestHandlers; adding lazy requestHandler: solr.DocumentAnalysisRequestHandler
INFO  - 2014-11-30 02:38:19.572; org.apache.solr.core.RequestHandlers; created /analysis/document: solr.DocumentAnalysisRequestHandler
INFO  - 2014-11-30 02:38:19.573; org.apache.solr.core.RequestHandlers; created /admin/: solr.admin.AdminHandlers
INFO  - 2014-11-30 02:38:19.575; org.apache.solr.core.RequestHandlers; created /admin/ping: solr.PingRequestHandler
INFO  - 2014-11-30 02:38:19.576; org.apache.solr.core.RequestHandlers; created /debug/dump: solr.DumpRequestHandler
INFO  - 2014-11-30 02:38:19.582; org.apache.solr.core.RequestHandlers; created /replication: solr.ReplicationHandler
INFO  - 2014-11-30 02:38:19.582; org.apache.solr.core.RequestHandlers; adding lazy requestHandler: solr.SearchHandler
INFO  - 2014-11-30 02:38:19.583; org.apache.solr.core.RequestHandlers; created /spell: solr.SearchHandler
INFO  - 2014-11-30 02:38:19.583; org.apache.solr.core.RequestHandlers; adding lazy requestHandler: solr.SearchHandler
INFO  - 2014-11-30 02:38:19.583; org.apache.solr.core.RequestHandlers; created /suggest: solr.SearchHandler
INFO  - 2014-11-30 02:38:19.583; org.apache.solr.core.RequestHandlers; adding lazy requestHandler: solr.SearchHandler
INFO  - 2014-11-30 02:38:19.583; org.apache.solr.core.RequestHandlers; created /tvrh: solr.SearchHandler
INFO  - 2014-11-30 02:38:19.583; org.apache.solr.core.RequestHandlers; adding lazy requestHandler: solr.SearchHandler
INFO  - 2014-11-30 02:38:19.583; org.apache.solr.core.RequestHandlers; created /terms: solr.SearchHandler
INFO  - 2014-11-30 02:38:19.583; org.apache.solr.core.RequestHandlers; adding lazy requestHandler: solr.SearchHandler
INFO  - 2014-11-30 02:38:19.584; org.apache.solr.core.RequestHandlers; created /elevate: solr.SearchHandler
INFO  - 2014-11-30 02:38:19.595; org.apache.solr.handler.loader.XMLLoader; xsltCacheLifetimeSeconds=60
INFO  - 2014-11-30 02:38:19.597; org.apache.solr.handler.loader.XMLLoader; xsltCacheLifetimeSeconds=60
INFO  - 2014-11-30 02:38:19.597; org.apache.solr.handler.loader.XMLLoader; xsltCacheLifetimeSeconds=60
INFO  - 2014-11-30 02:38:19.598; org.apache.solr.handler.loader.XMLLoader; xsltCacheLifetimeSeconds=60
INFO  - 2014-11-30 02:38:19.598; org.apache.solr.handler.loader.XMLLoader; xsltCacheLifetimeSeconds=60
INFO  - 2014-11-30 02:38:19.609; org.apache.solr.update.CommitTracker; Hard AutoCommit: if uncommited for 15000ms; 
INFO  - 2014-11-30 02:38:19.609; org.apache.solr.update.CommitTracker; Soft AutoCommit: disabled
INFO  - 2014-11-30 02:38:19.614; org.apache.solr.core.SolrDeletionPolicy; SolrDeletionPolicy.onInit: commits: num=1
	commit{dir=NRTCachingDirectory(MMapDirectory@/home/homeski/Documents/michiko-web-search/solr-4.10.2/example/solr/collection1/data/index lockFactory=NativeFSLockFactory@/home/homeski/Documents/michiko-web-search/solr-4.10.2/example/solr/collection1/data/index; maxCacheMB=48.0 maxMergeSizeMB=4.0),segFN=segments_1,generation=1}
INFO  - 2014-11-30 02:38:19.614; org.apache.solr.core.SolrDeletionPolicy; newest commit generation = 1
INFO  - 2014-11-30 02:38:19.619; org.apache.solr.search.SolrIndexSearcher; Opening Searcher@1b6e5ef3[collection1] main
INFO  - 2014-11-30 02:38:19.624; org.apache.solr.rest.ManagedResourceStorage$FileStorageIO; File-based storage initialized to use dir: /home/homeski/Documents/michiko-web-search/solr-4.10.2/example/solr/collection1/conf
INFO  - 2014-11-30 02:38:19.624; org.apache.solr.rest.RestManager; Initializing RestManager with initArgs: {storageDir=/home/homeski/Documents/michiko-web-search/solr-4.10.2/example/solr/collection1/conf}
INFO  - 2014-11-30 02:38:19.625; org.apache.solr.rest.ManagedResourceStorage; Reading _rest_managed.json using file:dir=/home/homeski/Documents/michiko-web-search/solr-4.10.2/example/solr/collection1/conf
INFO  - 2014-11-30 02:38:19.628; org.apache.solr.rest.ManagedResourceStorage; Loaded LinkedHashMap at path _rest_managed.json using file:dir=/home/homeski/Documents/michiko-web-search/solr-4.10.2/example/solr/collection1/conf
INFO  - 2014-11-30 02:38:19.628; org.apache.solr.rest.ManagedResource; Loaded initArgs {} for /rest/managed
INFO  - 2014-11-30 02:38:19.628; org.apache.solr.rest.RestManager; Initializing 2 registered ManagedResources
INFO  - 2014-11-30 02:38:19.628; org.apache.solr.rest.ManagedResourceStorage; Reading _schema_analysis_stopwords_english.json using file:dir=/home/homeski/Documents/michiko-web-search/solr-4.10.2/example/solr/collection1/conf
INFO  - 2014-11-30 02:38:19.629; org.apache.solr.rest.ManagedResourceStorage; Loaded LinkedHashMap at path _schema_analysis_stopwords_english.json using file:dir=/home/homeski/Documents/michiko-web-search/solr-4.10.2/example/solr/collection1/conf
INFO  - 2014-11-30 02:38:19.629; org.apache.solr.rest.ManagedResource; Loaded initArgs {ignoreCase=true} for /schema/analysis/stopwords/english
INFO  - 2014-11-30 02:38:19.630; org.apache.solr.rest.schema.analysis.ManagedWordSetResource; Loaded 35 words for /schema/analysis/stopwords/english
INFO  - 2014-11-30 02:38:19.630; org.apache.solr.rest.ManagedResource; Notified 1 observers of /schema/analysis/stopwords/english
INFO  - 2014-11-30 02:38:19.630; org.apache.solr.rest.ManagedResourceStorage; Reading _schema_analysis_synonyms_english.json using file:dir=/home/homeski/Documents/michiko-web-search/solr-4.10.2/example/solr/collection1/conf
INFO  - 2014-11-30 02:38:19.631; org.apache.solr.rest.ManagedResourceStorage; Loaded LinkedHashMap at path _schema_analysis_synonyms_english.json using file:dir=/home/homeski/Documents/michiko-web-search/solr-4.10.2/example/solr/collection1/conf
INFO  - 2014-11-30 02:38:19.631; org.apache.solr.rest.ManagedResource; Loaded initArgs {ignoreCase=true,format=solr} for /schema/analysis/synonyms/english
INFO  - 2014-11-30 02:38:19.631; org.apache.solr.rest.schema.analysis.ManagedSynonymFilterFactory$SynonymManager; Loaded 3 synonym mappings for /schema/analysis/synonyms/english
INFO  - 2014-11-30 02:38:19.633; org.apache.solr.rest.ManagedResource; Notified 1 observers of /schema/analysis/synonyms/english
INFO  - 2014-11-30 02:38:19.633; org.apache.solr.handler.component.SpellCheckComponent; Initializing spell checkers
INFO  - 2014-11-30 02:38:19.638; org.apache.solr.spelling.DirectSolrSpellChecker; init: {name=default,field=text,classname=solr.DirectSolrSpellChecker,distanceMeasure=internal,accuracy=0.5,maxEdits=2,minPrefix=1,maxInspections=5,minQueryLength=4,maxQueryFrequency=0.01}
INFO  - 2014-11-30 02:38:19.642; org.apache.solr.handler.component.SpellCheckComponent; No queryConverter defined, using default converter
INFO  - 2014-11-30 02:38:19.643; org.apache.solr.handler.component.SuggestComponent; Initializing SuggestComponent
INFO  - 2014-11-30 02:38:19.644; org.apache.solr.spelling.suggest.SolrSuggester; init: {name=mySuggester,lookupImpl=FuzzyLookupFactory,dictionaryImpl=DocumentDictionaryFactory,field=cat,weightField=price,suggestAnalyzerFieldType=string}
INFO  - 2014-11-30 02:38:19.655; org.apache.solr.spelling.suggest.SolrSuggester; Dictionary loaded with params: {name=mySuggester,lookupImpl=FuzzyLookupFactory,dictionaryImpl=DocumentDictionaryFactory,field=cat,weightField=price,suggestAnalyzerFieldType=string}
INFO  - 2014-11-30 02:38:19.656; org.apache.solr.handler.component.QueryElevationComponent; Loading QueryElevation from: /home/homeski/Documents/michiko-web-search/solr-4.10.2/example/solr/collection1/conf/elevate.xml
INFO  - 2014-11-30 02:38:19.676; org.apache.solr.handler.ReplicationHandler; Commits will be reserved for  10000
INFO  - 2014-11-30 02:38:19.676; org.apache.solr.core.QuerySenderListener; QuerySenderListener sending requests to Searcher@1b6e5ef3[collection1] main{StandardDirectoryReader(segments_1:1:nrt)}
INFO  - 2014-11-30 02:38:19.676; org.apache.solr.core.CoreContainer; registering core: collection1
INFO  - 2014-11-30 02:38:19.682; org.apache.solr.servlet.SolrDispatchFilter; user.dir=/home/homeski/Documents/michiko-web-search/solr-4.10.2/example
INFO  - 2014-11-30 02:38:19.683; org.apache.solr.servlet.SolrDispatchFilter; SolrDispatchFilter.init() done
INFO  - 2014-11-30 02:38:19.718; org.eclipse.jetty.server.AbstractConnector; Started SocketConnector@0.0.0.0:8983
INFO  - 2014-11-30 02:38:19.732; org.apache.solr.core.SolrCore; [collection1] webapp=null path=null params={event=firstSearcher&q=static+firstSearcher+warming+in+solrconfig.xml&distrib=false} hits=0 status=0 QTime=54 
INFO  - 2014-11-30 02:38:19.733; org.apache.solr.core.QuerySenderListener; QuerySenderListener done.
INFO  - 2014-11-30 02:38:19.733; org.apache.solr.handler.component.SpellCheckComponent$SpellCheckerListener; Loading spell index for spellchecker: default
INFO  - 2014-11-30 02:38:19.733; org.apache.solr.handler.component.SpellCheckComponent$SpellCheckerListener; Loading spell index for spellchecker: wordbreak
INFO  - 2014-11-30 02:38:19.733; org.apache.solr.handler.component.SuggestComponent$SuggesterListener; Loading suggester index for: mySuggester
INFO  - 2014-11-30 02:38:19.733; org.apache.solr.spelling.suggest.SolrSuggester; reload()
INFO  - 2014-11-30 02:38:19.733; org.apache.solr.spelling.suggest.SolrSuggester; build()
INFO  - 2014-11-30 02:38:19.740; org.apache.solr.core.SolrCore; [collection1] Registered new searcher Searcher@1b6e5ef3[collection1] main{StandardDirectoryReader(segments_1:1:nrt)}
INFO  - 2014-11-30 02:38:43.844; org.apache.solr.servlet.SolrDispatchFilter; [admin] webapp=null path=/admin/cores params={indexInfo=false&_=1417340323836&wt=json} status=0 QTime=2 
INFO  - 2014-11-30 02:38:43.902; org.apache.solr.servlet.SolrDispatchFilter; [admin] webapp=null path=/admin/info/system params={_=1417340323883&wt=json} status=0 QTime=16 
INFO  - 2014-11-30 02:40:02.277; org.apache.solr.servlet.SolrDispatchFilter; [admin] webapp=null path=/admin/info/logging params={_=1417340402273&since=0&wt=json} status=0 QTime=1 
INFO  - 2014-11-30 02:40:12.750; org.apache.solr.servlet.SolrDispatchFilter; [admin] webapp=null path=/admin/info/logging params={_=1417340412738&since=1417340299571&wt=json} status=0 QTime=1 
INFO  - 2014-11-30 02:40:23.751; org.apache.solr.servlet.SolrDispatchFilter; [admin] webapp=null path=/admin/info/logging params={_=1417340423737&since=1417340299571&wt=json} status=0 QTime=1 
INFO  - 2014-11-30 02:40:31.150; org.apache.solr.servlet.SolrDispatchFilter; [admin] webapp=null path=/admin/cores params={_=1417340431144&wt=json} status=0 QTime=2 
INFO  - 2014-11-30 02:40:31.183; org.apache.solr.servlet.SolrDispatchFilter; [admin] webapp=null path=/admin/cores params={_=1417340431170&wt=json} status=0 QTime=0 
INFO  - 2014-11-30 02:40:34.671; org.apache.solr.servlet.SolrDispatchFilter; [admin] webapp=null path=/admin/info/threads params={_=1417340434658&wt=json} status=0 QTime=9 
INFO  - 2014-11-30 02:40:35.944; org.apache.solr.servlet.SolrDispatchFilter; [admin] webapp=null path=/admin/info/properties params={_=1417340435936&wt=json} status=0 QTime=0 
INFO  - 2014-11-30 02:40:41.405; org.eclipse.jetty.server.Server; Graceful shutdown SocketConnector@0.0.0.0:8983
INFO  - 2014-11-30 02:40:41.406; org.eclipse.jetty.server.Server; Graceful shutdown o.e.j.w.WebAppContext{/solr,file:/home/homeski/Documents/michiko-web-search/solr-4.10.2/example/solr-webapp/webapp/},/home/homeski/Documents/michiko-web-search/solr-4.10.2/example/webapps/solr.war
INFO  - 2014-11-30 02:40:42.412; org.apache.solr.core.CoreContainer; Shutting down CoreContainer instance=744734406
INFO  - 2014-11-30 02:40:42.414; org.apache.solr.core.SolrCore; [collection1]  CLOSING SolrCore org.apache.solr.core.SolrCore@16a15a6e
INFO  - 2014-11-30 02:40:42.415; org.apache.solr.update.DirectUpdateHandler2; closing DirectUpdateHandler2{commits=0,autocommit maxTime=15000ms,autocommits=0,soft autocommits=0,optimizes=0,rollbacks=0,expungeDeletes=0,docsPending=0,adds=0,deletesById=0,deletesByQuery=0,errors=0,cumulative_adds=0,cumulative_deletesById=0,cumulative_deletesByQuery=0,cumulative_errors=0,transaction_logs_total_size=0,transaction_logs_total_number=0}
INFO  - 2014-11-30 02:40:42.416; org.apache.solr.update.SolrCoreState; Closing SolrCoreState
INFO  - 2014-11-30 02:40:42.417; org.apache.solr.update.DefaultSolrCoreState; SolrCoreState ref count has reached 0 - closing IndexWriter
INFO  - 2014-11-30 02:40:42.417; org.apache.solr.update.DefaultSolrCoreState; closing IndexWriter with IndexWriterCloser
INFO  - 2014-11-30 02:40:42.420; org.apache.solr.core.SolrCore; [collection1] Closing main searcher on request.
INFO  - 2014-11-30 02:40:42.421; org.apache.solr.core.CachingDirectoryFactory; Closing NRTCachingDirectoryFactory - 2 directories currently being tracked
INFO  - 2014-11-30 02:40:42.423; org.apache.solr.core.CachingDirectoryFactory; looking to close /home/homeski/Documents/michiko-web-search/solr-4.10.2/example/solr/collection1/data/index [CachedDir<<refCount=0;path=/home/homeski/Documents/michiko-web-search/solr-4.10.2/example/solr/collection1/data/index;done=false>>]
INFO  - 2014-11-30 02:40:42.423; org.apache.solr.core.CachingDirectoryFactory; Closing directory: /home/homeski/Documents/michiko-web-search/solr-4.10.2/example/solr/collection1/data/index
INFO  - 2014-11-30 02:40:42.423; org.apache.solr.core.CachingDirectoryFactory; looking to close /home/homeski/Documents/michiko-web-search/solr-4.10.2/example/solr/collection1/data [CachedDir<<refCount=0;path=/home/homeski/Documents/michiko-web-search/solr-4.10.2/example/solr/collection1/data;done=false>>]
INFO  - 2014-11-30 02:40:42.424; org.apache.solr.core.CachingDirectoryFactory; Closing directory: /home/homeski/Documents/michiko-web-search/solr-4.10.2/example/solr/collection1/data
INFO  - 2014-11-30 02:40:42.425; org.eclipse.jetty.server.handler.ContextHandler; stopped o.e.j.w.WebAppContext{/solr,file:/home/homeski/Documents/michiko-web-search/solr-4.10.2/example/solr-webapp/webapp/},/home/homeski/Documents/michiko-web-search/solr-4.10.2/example/webapps/solr.war
